<?xml version="1.0" encoding="UTF-8"?>
<!-- Generated by org.testng.reporters.JUnitReportReporter -->
<testsuite hostname="DESKTOP-SRRH518" failures="0" tests="1" name="com.qatestCase.pageFactoryTC_addToCart" time="12.586" errors="0" timestamp="2022-01-14T12:26:55 IST" skipped="0">
  <testcase classname="com.qatestCase.pageFactoryTC_addToCart" name="addToCart" time="12.586"/>
  <system-out/>
</testsuite> <!-- com.qatestCase.pageFactoryTC_addToCart -->
