<?xml version="1.0" encoding="UTF-8"?>
<!-- Generated by org.testng.reporters.JUnitReportReporter -->
<testsuite hostname="DESKTOP-SRRH518" failures="0" tests="1" name="com.qatestCase.TC_switchTab_007" time="4.893" errors="0" timestamp="2022-01-09T16:53:23 IST" skipped="0">
  <testcase classname="com.qatestCase.TC_switchTab_007" name="switchTab" time="4.893"/>
  <system-out/>
</testsuite> <!-- com.qatestCase.TC_switchTab_007 -->
