<?xml version="1.0" encoding="UTF-8"?>
<!-- Generated by org.testng.reporters.JUnitReportReporter -->
<testsuite hostname="DESKTOP-SRRH518" failures="0" tests="1" name="com.qatestCase.TC_dragDrop_008" time="10.856" errors="0" timestamp="2022-01-09T18:38:40 IST" skipped="0">
  <testcase classname="com.qatestCase.TC_dragDrop_008" name="dragAndDrop" time="10.856"/>
  <system-out/>
</testsuite> <!-- com.qatestCase.TC_dragDrop_008 -->
