<?xml version="1.0" encoding="UTF-8"?>
<!-- Generated by org.testng.reporters.JUnitReportReporter -->
<testsuite hostname="DESKTOP-SRRH518" failures="0" tests="1" name="com.qatestCase.TC_alertWindow" time="8.516" errors="0" timestamp="2022-01-09T16:03:41 IST" skipped="0">
  <testcase classname="com.qatestCase.TC_alertWindow" name="alert" time="8.516"/>
  <system-out/>
</testsuite> <!-- com.qatestCase.TC_alertWindow -->
