<?xml version="1.0" encoding="UTF-8"?>
<!-- Generated by org.testng.reporters.JUnitReportReporter -->
<testsuite hostname="DESKTOP-SRRH518" failures="0" tests="1" name="com.qatestCase.TC_selectLang_002" time="8.933" errors="0" timestamp="2022-01-09T14:06:32 IST" skipped="0">
  <testcase classname="com.qatestCase.TC_selectLang_002" name="lang" time="8.933"/>
  <system-out/>
</testsuite> <!-- com.qatestCase.TC_selectLang_002 -->
