<?xml version="1.0" encoding="UTF-8"?>
<!-- Generated by org.testng.reporters.JUnitReportReporter -->
<testsuite hostname="DESKTOP-SRRH518" failures="0" tests="1" name="com.qatestCase.TC_screenShot" time="14.199" errors="0" timestamp="2022-01-09T20:30:18 IST" skipped="0">
  <testcase classname="com.qatestCase.TC_screenShot" name="takeScreenShot" time="14.199"/>
  <system-out/>
</testsuite> <!-- com.qatestCase.TC_screenShot -->
