<?xml version="1.0" encoding="UTF-8"?>
<!-- Generated by org.testng.reporters.JUnitReportReporter -->
<testsuite hostname="DESKTOP-SRRH518" failures="0" tests="1" name="com.qatestCase.TC_ScrollDown_010" time="17.394" errors="0" timestamp="2022-01-15T16:40:47 IST" skipped="0">
  <testcase classname="com.qatestCase.TC_ScrollDown_010" name="scroll" time="17.394"/>
  <system-out/>
</testsuite> <!-- com.qatestCase.TC_ScrollDown_010 -->
