<?xml version="1.0" encoding="UTF-8"?>
<!-- Generated by org.testng.reporters.JUnitReportReporter -->
<testsuite hostname="DESKTOP-SRRH518" failures="0" tests="1" name="com.qatestCase.TC_suggestCountry" time="33.390" errors="0" timestamp="2022-01-09T15:25:15 IST" skipped="0">
  <testcase classname="com.qatestCase.TC_suggestCountry" name="suggestCountry" time="33.390"/>
  <system-out/>
</testsuite> <!-- com.qatestCase.TC_suggestCountry -->
