<?xml version="1.0" encoding="UTF-8"?>
<!-- Generated by org.testng.reporters.JUnitReportReporter -->
<testsuite hostname="DESKTOP-SRRH518" failures="0" tests="1" name="com.qatestCase.TC_radioButton_004" time="13.103" errors="0" timestamp="2022-01-09T14:39:43 IST" skipped="0">
  <testcase classname="com.qatestCase.TC_radioButton_004" name="selectRadioBtn" time="13.103"/>
  <system-out/>
</testsuite> <!-- com.qatestCase.TC_radioButton_004 -->
