<?xml version="1.0" encoding="UTF-8"?>
<!-- Generated by org.testng.reporters.JUnitReportReporter -->
<testsuite hostname="DESKTOP-SRRH518" failures="0" tests="2" name="com.qatestCase.pageFactoryTC_passenger_011" time="14.172" errors="0" timestamp="2022-01-12T23:54:18 IST" skipped="0">
  <testcase classname="com.qatestCase.pageFactoryTC_passenger_011" name="passenger" time="7.945"/>
  <system-out/>
  <testcase classname="com.qatestCase.pageFactoryTC_passenger_011" name="returnDtDependancy" time="6.227"/>
  <system-out/>
</testsuite> <!-- com.qatestCase.pageFactoryTC_passenger_011 -->
