<?xml version="1.0" encoding="UTF-8"?>
<!-- Generated by org.testng.reporters.JUnitReportReporter -->
<testsuite hostname="DESKTOP-SRRH518" failures="0" tests="1" name="com.qatestCase.TC_dropDown" time="13.951" errors="0" timestamp="2022-01-09T14:25:07 IST" skipped="0">
  <testcase classname="com.qatestCase.TC_dropDown" name="drpdown" time="13.951"/>
  <system-out/>
</testsuite> <!-- com.qatestCase.TC_dropDown -->
