<?xml version="1.0" encoding="UTF-8"?>
<!-- Generated by org.testng.reporters.JUnitReportReporter -->
<testsuite hostname="DESKTOP-SRRH518" failures="0" tests="1" name="com.qatestCase.TC_ScrollDown" time="12.648" errors="0" timestamp="2022-01-09T21:43:33 IST" skipped="0">
  <testcase classname="com.qatestCase.TC_ScrollDown" name="scroll" time="12.648"/>
  <system-out/>
</testsuite> <!-- com.qatestCase.TC_ScrollDown -->
